<?xml version="1.0" encoding="UTF-8"?>
<testsuite xmlns:xsi="http://www.w3.org/2001/XMLSchema-instance" xsi:noNamespaceSchemaLocation="https://maven.apache.org/surefire/maven-surefire-plugin/xsd/surefire-test-report-3.0.xsd" version="3.0" name="com.bootcamp.be_java_hisp_w25_g14.BeJavaHispW25G14ApplicationTests" time="1.242" tests="1" errors="0" skipped="0" failures="0">
  <properties>
[...]
</properties>
  <testcase name="contextLoads" classname="com.bootcamp.be_java_hisp_w25_g14.BeJavaHispW25G14ApplicationTests" time="0.423">
    <system-out><![CDATA[13:36:01.902 [main] INFO org.springframework.test.context.support.AnnotationConfigContextLoaderUtils -- Could not detect default configuration classes for test class [com.bootcamp.be_java_hisp_w25_g14.BeJavaHispW25G14ApplicationTests]: BeJavaHispW25G14ApplicationTests does not declare any static, non-private, non-final, nested classes annotated with @Configuration.
13:36:01.946 [main] INFO org.springframework.boot.test.context.SpringBootTestContextBootstrapper -- Found @SpringBootConfiguration com.bootcamp.be_java_hisp_w25_g14.BeJavaHispW25G14Application for test class com.bootcamp.be_java_hisp_w25_g14.BeJavaHispW25G14ApplicationTests
13:36:02.005 [main] INFO org.springframework.boot.devtools.restart.RestartApplicationListener -- Restart disabled due to context in which it is running

  .   ____          _            __ _ _
 /\\ / ___'_ __ _ _(_)_ __  __ _ \ \ \ \
( ( )\___ | '_ | '_| | '_ \/ _` | \ \ \ \
 \\/  ___)| |_)| | | | | || (_| |  ) ) ) )
  '  |____| .__|_| |_|_| |_\__, | / / / /
 =========|_|==============|___/=/_/_/_/
 :: Spring Boot ::                (v3.2.2)

2024-02-19T13:36:02.100-05:00  INFO 4203 --- [           main] c.b.b.BeJavaHispW25G14ApplicationTests   : Starting BeJavaHispW25G14ApplicationTests using Java 17.0.10 with PID 4203 (started by ylozanorivas in /Users/ylozanorivas/Documents/bootcamp/Proyecto Grupal/be_java_hisp_w25_g14)
2024-02-19T13:36:02.100-05:00  INFO 4203 --- [           main] c.b.b.BeJavaHispW25G14ApplicationTests   : No active profile set, falling back to 1 default profile: "default"
2024-02-19T13:36:02.634-05:00  INFO 4203 --- [           main] c.b.b.BeJavaHispW25G14ApplicationTests   : Started BeJavaHispW25G14ApplicationTests in 0.633 seconds (process running for 1.027)
]]></system-out>
  </testcase>
</testsuite>
